<?xml version="1.0" encoding="UTF-8"?>
<testng-results ignored="0" total="2" passed="2" failed="0" skipped="0">
  <reporter-output>
  </reporter-output>
  <suite started-at="2022-11-08T04:19:08 CET" name="Suite" finished-at="2022-11-08T04:19:42 CET" duration-ms="34080">
    <groups>
      <group name="cucumber">
        <method signature="AbstractTestNGCucumberTests.runScenario(io.cucumber.testng.PickleWrapper,io.cucumber.testng.FeatureWrapper)[pri:0, instance:com.qa.auto.modules.TestRunner@1bd4fdd]" name="runScenario" class="io.cucumber.testng.AbstractTestNGCucumberTests"/>
      </group> <!-- cucumber -->
    </groups>
    <test started-at="2022-11-08T04:19:08 CET" name="Test" finished-at="2022-11-08T04:19:42 CET" duration-ms="34080">
      <class name="com.qa.auto.modules.TestRunner">
        <test-method is-config="true" signature="setUpClass()[pri:0, instance:com.qa.auto.modules.TestRunner@1bd4fdd]" started-at="2022-11-08T04:19:08 CET" name="setUpClass" finished-at="2022-11-08T04:19:09 CET" duration-ms="502" status="PASS">
          <reporter-output>
          </reporter-output>
        </test-method> <!-- setUpClass -->
        <test-method signature="runScenario(io.cucumber.testng.PickleWrapper,io.cucumber.testng.FeatureWrapper)[pri:0, instance:com.qa.auto.modules.TestRunner@1bd4fdd]" started-at="2022-11-08T04:19:09 CET" name="runScenario" description="Runs Cucumber Scenarios" data-provider="scenarios" finished-at="2022-11-08T04:19:28 CET" duration-ms="18886" status="PASS">
          <params>
            <param index="0">
              <value>
                <![CDATA["Verify the Booking Process"]]>
              </value>
            </param>
            <param index="1">
              <value>
                <![CDATA["Optional[Booking Process]"]]>
              </value>
            </param>
          </params>
          <reporter-output>
          </reporter-output>
        </test-method> <!-- runScenario -->
        <test-method signature="runScenario(io.cucumber.testng.PickleWrapper,io.cucumber.testng.FeatureWrapper)[pri:0, instance:com.qa.auto.modules.TestRunner@1bd4fdd]" started-at="2022-11-08T04:19:28 CET" name="runScenario" description="Runs Cucumber Scenarios" data-provider="scenarios" finished-at="2022-11-08T04:19:42 CET" duration-ms="13979" status="PASS">
          <params>
            <param index="0">
              <value>
                <![CDATA["Verify the Personal Details section"]]>
              </value>
            </param>
            <param index="1">
              <value>
                <![CDATA["Optional[Booking Process]"]]>
              </value>
            </param>
          </params>
          <reporter-output>
          </reporter-output>
        </test-method> <!-- runScenario -->
        <test-method is-config="true" signature="tearDownClass()[pri:0, instance:com.qa.auto.modules.TestRunner@1bd4fdd]" started-at="2022-11-08T04:19:42 CET" name="tearDownClass" finished-at="2022-11-08T04:19:42 CET" duration-ms="677" status="PASS">
          <reporter-output>
          </reporter-output>
        </test-method> <!-- tearDownClass -->
      </class> <!-- com.qa.auto.modules.TestRunner -->
    </test> <!-- Test -->
  </suite> <!-- Suite -->
</testng-results>
